2024-03-31T07:22:18.421Z	INFO	CDA Throttle request to 30/s
2024-03-31T07:22:18.422Z	INFO	CMA Throttle request to 7/s
2024-03-31T07:22:18.490Z	INFO	Start createLoadChangesetTask
2024-03-31T07:22:20.122Z	INFO	CMA Throttle request to 10/s
2024-03-31T07:22:20.317Z	INFO	Start createRemoveEntitiesTask
2024-03-31T07:22:22.679Z	INFO	entry 5u8di2M1d0wdjDWPZku1h successfully deleted on environment: master
2024-03-31T07:22:22.877Z	INFO	entry 6K73ufiKXDpXM1TOCZVC1T successfully deleted on environment: master
2024-03-31T07:22:23.052Z	INFO	entry 2Bv46vWb3ttburwkv2odGv successfully deleted on environment: master
2024-03-31T07:22:23.193Z	INFO	entry 24HLCeo4vMz8mEsVTdxJVk successfully deleted on environment: master
2024-03-31T07:22:23.203Z	INFO	Start createAddEntitiesTask
2024-03-31T07:22:25.612Z	INFO	entry 7cU3uii0qCH9ombhQ1J53Q successfully published on environment: master
2024-03-31T07:22:25.624Z	INFO	entry 6WArcYgHdSyC6T9hm3XUzu successfully published on environment: master
2024-03-31T07:22:25.707Z	INFO	entry T0oCa3we99hUaqwG0j2Il successfully published on environment: master
2024-03-31T07:22:25.809Z	INFO	entry 6AlzpnCzrtSiN6wueuj8Ge successfully published on environment: master
2024-03-31T07:22:25.911Z	INFO	entry 3waDHk5nZZ05f1qXOgRdbP successfully published on environment: master
2024-03-31T07:22:25.997Z	INFO	entry 4xeXg877sfYG7CUHPuTJQ3 successfully published on environment: master
2024-03-31T07:22:26.004Z	INFO	entry 49J9CVYtplPmGkwdjrJUKH successfully published on environment: master
2024-03-31T07:22:26.140Z	INFO	entry 60Kt3kHdWZnIe1hmuebPOQ successfully published on environment: master
2024-03-31T07:22:26.158Z	INFO	entry 5oZzteiTX9AgztXjt9ks1K successfully published on environment: master
2024-03-31T07:22:26.240Z	INFO	entry 2bih7Ek1b1T6dDgdIQymEX successfully published on environment: master
2024-03-31T07:22:26.953Z	INFO	entry 6WArcYgHdSyC6T9hm3XUzu successfully published on environment: master
2024-03-31T07:22:26.990Z	INFO	entry 7cU3uii0qCH9ombhQ1J53Q successfully published on environment: master
2024-03-31T07:22:27.130Z	INFO	entry T0oCa3we99hUaqwG0j2Il successfully published on environment: master
2024-03-31T07:22:27.165Z	INFO	entry 6AlzpnCzrtSiN6wueuj8Ge successfully published on environment: master
2024-03-31T07:22:27.173Z	INFO	entry 3waDHk5nZZ05f1qXOgRdbP successfully published on environment: master
2024-03-31T07:22:27.732Z	INFO	entry 2bih7Ek1b1T6dDgdIQymEX successfully published on environment: master
2024-03-31T07:22:27.957Z	INFO	entry 5oZzteiTX9AgztXjt9ks1K successfully published on environment: master
2024-03-31T07:22:27.959Z	INFO	entry 4xeXg877sfYG7CUHPuTJQ3 successfully published on environment: master
2024-03-31T07:22:28.183Z	INFO	entry 49J9CVYtplPmGkwdjrJUKH successfully published on environment: master
2024-03-31T07:22:28.188Z	INFO	entry 60Kt3kHdWZnIe1hmuebPOQ successfully published on environment: master
2024-03-31T07:22:28.965Z	INFO	entry 5IPfOsKNjcRnBj8wdabPeg successfully published on environment: master
2024-03-31T07:22:29.044Z	INFO	entry 5r3ITYKXkeHQYwCRuBGfS9 successfully published on environment: master
2024-03-31T07:22:30.228Z	INFO	entry 5IPfOsKNjcRnBj8wdabPeg successfully published on environment: master
2024-03-31T07:22:30.509Z	INFO	entry 5r3ITYKXkeHQYwCRuBGfS9 successfully published on environment: master
2024-03-31T07:22:30.519Z	INFO	Start createChangeEntitiesTask
2024-03-31T07:22:34.614Z	INFO	entry 5hpztPwx5wuLjf8q7XPWxR successfully updated on environment: master
2024-03-31T07:22:34.996Z	INFO	entry 2jpGI1eC0tn5gO1pHYcMpU successfully updated on environment: master